<?xml version="1.0" encoding="UTF-8"?>
<!-- Generated by org.testng.reporters.JUnitReportReporter -->
<testsuite hostname="DESKTOP-PQFFS2E" failures="0" tests="2" name="com.crm.qa.test.LoginPage_Test" time="41.163" errors="0" timestamp="27 Mar 2022 10:35:28 GMT" skipped="0">
  <testcase classname="com.crm.qa.test.LoginPage_Test" name="LoginPageURLTest" time="10.299"/>
  <testcase classname="com.crm.qa.test.LoginPage_Test" name="LoginPageTest" time="30.864"/>
</testsuite> <!-- com.crm.qa.test.LoginPage_Test -->
